<?xml version="1.0" encoding="UTF-8"?>
<!-- Generated by org.testng.reporters.JUnitReportReporter -->
<testsuite skipped="0" hostname="C02XJ7A0JHD2.local" name="testRunners.TestRunner" tests="1" failures="0" timestamp="2020-01-18T21:52:06 CET" time="2.242" errors="0">
  <testcase name="run_cukes" time="2.242" classname="testRunners.TestRunner"/>
</testsuite> <!-- testRunners.TestRunner -->
